[    0.000000] Initializing cgroup subsys cpuset
[    0.000000] Initializing cgroup subsys cpu
[    0.000000] Initializing cgroup subsys cpuacct
[    0.000000] Linux version 4.4.0-119-generic (buildd@lcy01-amd64-013) (gcc version 5.4.0 20160609 (Ubuntu 5.4.0-6ubuntu1~16.04.9) ) #143-Ubuntu SMP Mon Apr 2 16:08:24 UTC 2018 (Ubuntu 4.4.0-119.143-generic 4.4.114)
[    0.000000] Command line: BOOT_IMAGE=/boot/vmlinuz-4.4.0-119-generic root=UUID=05ab3d0e-cbf0-4dfe-8238-fca526c3666f ro console=tty1 console=ttyS0
[    0.000000] KERNEL supported cpus:
[    0.000000]   Intel GenuineIntel
[    0.000000]   AMD AuthenticAMD
[    0.000000]   Centaur CentaurHauls
[    0.000000] ------------[ cut here ]------------
[    0.000000] WARNING: CPU: 0 PID: 0 at /build/linux-4WcAio/linux-4.4.0/arch/x86/kernel/fpu/xstate.c:517 fpu__init_system_xstate+0x38b/0x75a()
[    0.000000] XSAVE consistency problem, dumping leaves
[    0.000000] Modules linked in:
[    0.000000] CPU: 0 PID: 0 Comm: swapper Not tainted 4.4.0-119-generic #143-Ubuntu
[    0.000000]  0000000000000086 04e39d2215eaeba0 ffffffff81e03d80 ffffffff81400443
[    0.000000]  ffffffff81e03dc8 ffffffff81cabf10 ffffffff81e03db8 ffffffff81083032
[    0.000000]  ffffffff81e03e48 ffffffff81e03e4c 0000000000000008 0000000000000100
[    0.000000] Call Trace:
[    0.000000]  [<ffffffff81400443>] dump_stack+0x63/0x90
[    0.000000]  [<ffffffff81083032>] warn_slowpath_common+0x82/0xc0
[    0.000000]  [<ffffffff810830cc>] warn_slowpath_fmt+0x5c/0x80
[    0.000000]  [<ffffffff8107e>] ? xfeature_size+0x59/0x77
[    0.000000]  [<ffffffff81f73345>] fpu__init_system_xstate+0x38b/0x75a
[    0.000000]  [<ffffffff81f63120>] ? early_idt_handler_array+0x120/0x120
[    0.000000]  [<ffffffff81f72cb0>] fpu__init_system+0x10d/0x245
[    0.000000]  [<ffffffff81f73e7f>] early_cpu_init+0x178/0x17d
[    0.000000]  [<ffffffff81f73e7f>] ? early_cpu_init+0x178/0x17d
[    0.000000]  [<ffffffff81f6f208>] setup_arch+0xb4/0xd2b
[    0.000000]  [<ffffffff81f63120>] ? early_idt_handler_array+0x120/0x120
[    0.000000]  [<ffffffff81f63c7d>] start_kernel+0xe4/0x4b0
[    0.000000]  [<ffffffff81f63120>] ? early_idt_handler_array+0x120/0x120
[    0.000000]  [<ffffffff81f63339>] x86_64_start_reservations+0x2a/0x2c
[    0.000000]  [<ffffffff81f63485>] x86_64_start_kernel+0x14a/0x16d
[    0.000000] ---[ end trace 4d5ff9f2f68c4233 ]---
[    0.000000] CPUID[0d, 00]: eax=00000007 ebx=00000440 ecx=00000440 edx=00000000
[    0.000000] CPUID[0d, 01]: eax=00000000 ebx=00000440 ecx=00000000 edx=00000000
[    0.000000] CPUID[0d, 02]: eax=00000100 ebx=00000240 ecx=00000000 edx=00000000
[    0.000000] CPUID[0d, 03]: eax=00000000 ebx=00000000 ecx=00000000 edx=00000000
[    0.000000] CPUID[0d, 04]: eax=00000000 ebx=00000000 ecx=00000000 edx=00000000
[    0.000000] CPUID[0d, 05]: eax=00000000 ebx=00000000 ecx=00000000 edx=00000000
[    0.000000] CPUID[0d, 06]: eax=00000000 ebx=00000000 ecx=00000000 edx=00000000
[    0.000000] CPUID[0d, 07]: eax=00000000 ebx=00000000 ecx=00000000 edx=00000000
[    0.000000] CPUID[0d, 08]: eax=00000000 ebx=00000000 ecx=00000000 edx=00000000
[    0.000000] CPUID[0d, 09]: eax=00000000 ebx=00000000 ecx=00000000 edx=00000000
[    0.000000] CPUID[0d, 0a]: eax=00000000 ebx=00000000 ecx=00000000 edx=00000000
[    0.000000] CPUID[0d, 0b]: eax=00000000 ebx=00000000 ecx=00000000 edx=00000000
[    0.000000] CPUID[0d, 0c]: eax=00000000 ebx=00000000 ecx=00000000 edx=00000000
[    0.000000] CPUID[0d, 0d]: eax=00000000 ebx=00000000 ecx=00000000 edx=00000000
[    0.000000] CPUID[0d, 0e]: eax=00000000 ebx=00000000 ecx=00000000 edx=00000000
[    0.000000] CPUID[0d, 0f]: eax=00000000 ebx=00000000 ecx=00000000 edx=00000000
[    0.000000] CPUID[0d, 10]: eax=00000000 ebx=00000000 ecx=00000000 edx=00000000
[    0.000000] CPUID[0d, 11]: eax=00000000 ebx=00000000 ecx=00000000 edx=00000000
[    0.000000] x86/fpu: xstate_offset[2]:  576, xstate_sizes[2]:  256
[    0.000000] x86/fpu: Supporting XSAVE feature 0x01: 'x87 floating point registers'
[    0.000000] x86/fpu: Supporting XSAVE feature 0x02: 'SSE registers'
[    0.000000] x86/fpu: Supporting XSAVE feature 0x04: 'AVX registers'
[    0.000000] x86/fpu: Enabled xstate features 0x7, context size is 1088 bytes, using 'standard' format.
[    0.000000] x86/fpu: Using 'lazy' FPU context switches.
[    0.000000] e820: BIOS-provided physical RAM map:
[    0.000000] BIOS-e820: [mem 0x0000000000000000-0x000000000009fbff] usable
[    0.000000] BIOS-e820: [mem 0x000000000009fc00-0x000000000009ffff] reserved
[    0.000000] BIOS-e820: [mem 0x00000000000f0000-0x00000000000fffff] reserved
[    0.000000] BIOS-e820: [mem 0x0000000000100000-0x000000003ffeffff] usable
[    0.000000] BIOS-e820: [mem 0x000000003fff0000-0x000000003fffffff] ACPI data
[    0.000000] BIOS-e820: [mem 0x00000000fec00000-0x00000000fec00fff] reserved
[    0.000000] BIOS-e820: [mem 0x00000000fee00000-0x00000000fee00fff] reserved
[    0.000000] BIOS-e820: [mem 0x00000000fffc0000-0x00000000ffffffff] reserved
[    0.000000] NX (Execute Disable) protection: active
[    0.000000] SMBIOS 2.5 present.
[    0.000000] Hypervisor detected: KVM
[    0.000000] e820: last_pfn = 0x3fff0 max_arch_pfn = 0x400000000
[    0.000000] MTRR: Disabled
[    0.000000] x86/PAT: MTRRs disabled, skipping PAT initialization too.
[    0.000000] CPU MTRRs all blank - virtualized system.
[    0.000000] x86/PAT: Configuration [0-7]: WB  WT  UC- UC  WB  WT  UC- UC  
[    0.000000] found SMP MP-table at [mem 0x0009fff0-0x0009ffff] mapped at [ffff88000009fff0]
[    0.000000] Scanning 1 areas for low memory corruption
[    0.000000] RAMDISK: [mem 0x36200000-0x370f7fff]
[    0.000000] ACPI: Early table checksum verification disabled
[    0.000000] ACPI: RSDP 0x00000000000E0000 000024 (v02 VBOX  )
[    0.000000] ACPI: XSDT 0x000000003FFF0030 00003C (v01 VBOX   VBOXXSDT 00000001 ASL  00000061)
[    0.000000] ACPI: FACP 0x000000003FFF00F0 0000F4 (v04 VBOX   VBOXFACP 00000001 ASL  00000061)
[    0.000000] ACPI: DSDT 0x000000003FFF0470 0021FF (v02 VBOX   VBOXBIOS 00000002 INTL 20100528)
[    0.000000] ACPI: FACS 0x000000003FFF0200 000040
[    0.000000] ACPI: FACS 0x000000003FFF0200 000040
[    0.000000] ACPI: APIC 0x000000003FFF0240 00005C (v02 VBOX   VBOXAPIC 00000001 ASL  00000061)
[    0.000000] ACPI: SSDT 0x000000003FFF02A0 0001CC (v01 VBOX   VBOXCPUT 00000002 INTL 20100528)
[    0.000000] No NUMA configuration found
[    0.000000] Faking a node at [mem 0x0000000000000000-0x000000003ffeffff]
[    0.000000] NODE_DATA(0) allocated [mem 0x3ffeb000-0x3ffeffff]
[    0.000000] kvm-clock: Using msrs 4b564d01 and 4b564d00
[    0.000000] kvm-clock: cpu 0, msr 0:3ffe3001, primary cpu clock
[    0.000000] kvm-clock: using sched offset of 3471450490 cycles
[    0.000000] clocksource: kvm-clock: mask: 0xffffffffffffffff max_cycles: 0x1cd42e4dffb, max_idle_ns: 881590591483 ns
[    0.000000] Zone ranges:
[    0.000000]   DMA      [mem 0x0000000000001000-0x0000000000ffffff]
[    0.000000]   DMA32    [mem 0x0000000001000000-0x000000003ffeffff]
[    0.000000]   Normal   empty
[    0.000000]   Device   empty
[    0.000000] Movable zone start for each node
[    0.000000] Early memory node ranges
[    0.000000]   node   0: [mem 0x0000000000001000-0x000000000009efff]
[    0.000000]   node   0: [mem 0x0000000000100000-0x000000003ffeffff]
[    0.000000] Initmem setup node 0 [mem 0x0000000000001000-0x000000003ffeffff]
[    0.000000] ACPI: PM-Timer IO Port: 0x4008
[    0.000000] IOAPIC[0]: apic_id 2, version 32, address 0xfec00000, GSI 0-23
[    0.000000] ACPI: INT_SRC_OVR (bus 0 bus_irq 0 global_irq 2 dfl dfl)
[    0.000000] ACPI: INT_SRC_OVR (bus 0 bus_irq 9 global_irq 9 high level)
[    0.000000] Using ACPI (MADT) for SMP configuration information
[    0.000000] smpboot: Allowing 2 CPUs, 0 hotplug CPUs
[    0.000000] PM: Registered nosave memory: [mem 0x00000000-0x00000fff]
[    0.000000] PM: Registered nosave memory: [mem 0x0009f000-0x0009ffff]
[    0.000000] PM: Registered nosave memory: [mem 0x000a0000-0x000effff]
[    0.000000] PM: Registered nosave memory: [mem 0x000f0000-0x000fffff]
[    0.000000] e820: [mem 0x40000000-0xfebfffff] available for PCI devices
[    0.000000] Booting paravirtualized kernel on KVM
[    0.000000] clocksource: refined-jiffies: mask: 0xffffffff max_cycles: 0xffffffff, max_idle_ns: 7645519600211568 ns
[    0.000000] setup_percpu: NR_CPUS:512 nr_cpumask_bits:512 nr_cpu_ids:2 nr_node_ids:1
[    0.000000] PERCPU: Embedded 34 pages/cpu @ffff88003fc00000 s99544 r8192 d31528 u1048576
[    0.000000] PV qspinlock hash table entries: 256 (order: 0, 4096 bytes)
[    0.000000] Built 1 zonelists in Node order, mobility grouping on.  Total pages: 257912
[    0.000000] Policy zone: DMA32
[    0.000000] Kernel command line: BOOT_IMAGE=/boot/vmlinuz-4.4.0-119-generic root=UUID=05ab3d0e-cbf0-4dfe-8238-fca526c3666f ro console=tty1 console=ttyS0
[    0.000000] PID hash table entries: 4096 (order: 3, 32768 bytes)
[    0.000000] Memory: 997196K/1048120K available (8532K kernel code, 1313K rwdata, 3996K rodata, 1508K init, 1316K bss, 50924K reserved, 0K cma-reserved)
[    0.000000] SLUB: HWalign=64, Order=0-3, MinObjects=0, CPUs=2, Nodes=1
[    0.000000] Kernel/User page tables isolation: enabled
[    0.000000] Hierarchical RCU implementation.
[    0.000000] 	Build-time adjustment of leaf fanout to 64.
[    0.000000] 	RCU restricting CPUs from NR_CPUS=512 to nr_cpu_ids=2.
[    0.000000] RCU: Adjusting geometry for rcu_fanout_leaf=64, nr_cpu_ids=2
[    0.000000] NR_IRQS:33024 nr_irqs:440 16
[    0.000000] Console: colour VGA+ 80x25
[    0.000000] console [tty1] enabled
[    0.000000] console [ttyS0] enabled
[    0.000000] tsc: Detected 2807.994 MHz processor
[    7.485046] Calibrating delay loop (skipped) preset value.. 5615.98 BogoMIPS (lpj=11231976)
[    7.487428] pid_max: default: 32768 minimum: 301
[    7.488746] ACPI: Core revision 20150930
[    7.490754] ACPI: 2 ACPI AML tables successfully acquired and loaded
[    7.491786] Security Framework initialized
[    7.492476] Yama: becoming mindful.
[    7.493083] AppArmor: AppArmor initialized
[    7.493807] Dentry cache hash table entries: 131072 (order: 8, 1048576 bytes)
[    7.501539] Inode-cache hash table entries: 65536 (order: 7, 524288 bytes)
[    7.510751] Mount-cache hash table entries: 2048 (order: 2, 16384 bytes)
[    7.511711] Mountpoint-cache hash table entries: 2048 (order: 2, 16384 bytes)
[    7.512867] Initializing cgroup subsys io
[    7.513526] Initializing cgroup subsys memory
[    7.514225] Initializing cgroup subsys devices
[    7.514927] Initializing cgroup subsys freezer
[    7.515632] Initializing cgroup subsys net_cls
[    7.516353] Initializing cgroup subsys perf_event
[    7.517084] Initializing cgroup subsys net_prio
[    7.517796] Initializing cgroup subsys hugetlb
[    7.518496] Initializing cgroup subsys pids
[    7.519243] CPU: Physical Processor ID: 0
[    7.527718] CPU: Processor Core ID: 0
[    7.528363] FEATURE SPEC_CTRL Not Present
[    7.589685] mce: CPU supports 0 MCE banks
[    7.645582] Last level iTLB entries: 4KB 64, 2MB 8, 4MB 8
[    7.727065] Last level dTLB entries: 4KB 64, 2MB 0, 4MB 0, 1GB 4
[    7.829770] Spectre V2 mitigation: Mitigation: Full generic retpoline
[    7.933122] Spectre V2 mitigation: Speculation control IBPB not-supported IBRS not-supported
[    7.945657] Spectre V2 mitigation: Filling RSB on context switch
[    8.039143] Freeing SMP alternatives memory: 32K
[    8.118328] ftrace: allocating 32195 entries in 126 pages
[    8.186583] smpboot: APIC(0) Converting physical 0 to logical package 0
[    8.297209] smpboot: Max logical packages: 1
[    8.358269] x2apic enabled
[    8.397417] Switched APIC routing to physical x2apic.
[    8.477744] ..TIMER: vector=0x30 apic1=0 pin1=2 apic2=-1 pin2=-1
[    8.676644] smpboot: CPU0: Intel(R) Core(TM) i7-7700HQ CPU @ 2.80GHz (family: 0x6, model: 0x9e, stepping: 0x9)
[    8.847620] Performance Events: unsupported p6 CPU model 158 no PMU driver, software events only.
[    9.005844] KVM setup paravirtual spinlock
[    9.078856] x86: Booting SMP configuration:
[    9.144053] .... node  #0, CPUs:      #1
[    9.194004] kvm-clock: cpu 1, msr 0:3ffe3041, secondary cpu clock
[    9.209231] mce: CPU supports 0 MCE banks
[    9.211735] x86: Booted up 1 node, 2 CPUs
[    9.266839] smpboot: Total of 2 processors activated (11231.97 BogoMIPS)
[    9.295001] devtmpfs: initialized
[    9.320438] evm: security.selinux
[    9.383670] evm: security.SMACK64
[    9.437504] evm: security.SMACK64EXEC
[    9.474772] evm: security.SMACK64TRANSMUTE
[    9.530670] evm: security.SMACK64MMAP
[    9.589331] evm: security.ima
[    9.633318] evm: security.capability
[    9.685952] clocksource: jiffies: mask: 0xffffffff max_cycles: 0xffffffff, max_idle_ns: 7645041785100000 ns
[    9.784228] futex hash table entries: 512 (order: 3, 32768 bytes)
[    9.798925] pinctrl core: initialized pinctrl subsystem
[    9.799841] RTC time: 13:33:44, date: 04/18/18
[    9.800677] NET: Registered protocol family 16
[    9.811979] cpuidle: using governor ladder
[    9.832596] cpuidle: using governor menu
[    9.909524] PCCT header not found.
[    9.961764] ACPI: bus type PCI registered
[    9.975660] acpiphp: ACPI Hot Plug PCI Controller Driver version: 0.5
[    9.977077] PCI: Using configuration type 1 for base access
[   10.060786] ACPI: Added _OSI(Module Device)
[   10.089249] ACPI: Added _OSI(Processor Device)
[   10.089971] ACPI: Added _OSI(3.0 _SCP Extensions)
[   10.090720] ACPI: Added _OSI(Processor Aggregator Device)
[   10.092146] ACPI: Executed 1 blocks of module-level executable AML code
[   10.137306] ACPI: Interpreter enabled
[   10.165009] ACPI: (supports S0 S5)
[   10.187680] ACPI: Using IOAPIC for interrupt routing
[   10.189325] PCI: Using host bridge windows from ACPI; if necessary, use "pci=nocrs" and report a bug
[   10.196458] ACPI: PCI Root Bridge [PCI0] (domain 0000 [bus 00-ff])
[   10.199887] acpi PNP0A03:00: _OSC: OS supports [ASPM ClockPM Segments MSI]
[   10.247312] acpi PNP0A03:00: _OSC: not requesting OS control; OS requires [ExtendedConfig ASPM ClockPM MSI]
[   10.248801] acpi PNP0A03:00: fail to add MMCONFIG information, can't access extended PCI configuration space under this bridge.
[   10.250740] PCI host bridge to bus 0000:00
[   10.277647] pci_bus 0000:00: root bus resource [io  0x0000-0x0cf7 window]
[   10.314846] pci_bus 0000:00: root bus resource [io  0x0d00-0xffff window]
[   10.332916] pci_bus 0000:00: root bus resource [mem 0x000a0000-0x000bffff window]
[   10.335051] pci_bus 0000:00: root bus resource [mem 0x40000000-0xffdfffff window]
[   10.344825] pci_bus 0000:00: root bus resource [bus 00-ff]
[   10.349000] pci 0000:00:01.1: legacy IDE quirk: reg 0x10: [io  0x01f0-0x01f7]
[   10.352625] pci 0000:00:01.1: legacy IDE quirk: reg 0x14: [io  0x03f6]
[   10.361140] pci 0000:00:01.1: legacy IDE quirk: reg 0x18: [io  0x0170-0x0177]
[   10.362925] pci 0000:00:01.1: legacy IDE quirk: reg 0x1c: [io  0x0376]
[   10.378023] pci 0000:00:07.0: quirk: [io  0x4000-0x403f] claimed by PIIX4 ACPI
[   10.494564] pci 0000:00:07.0: quirk: [io  0x4100-0x410f] claimed by PIIX4 SMB
[   10.581141] ACPI: PCI Interrupt Link [LNKA] (IRQs 5 9 10 *11)
[   10.641917] ACPI: PCI Interrupt Link [LNKB] (IRQs 5 9 10 *11)
[   10.643206] ACPI: PCI Interrupt Link [LNKC] (IRQs 5 9 *10 11)
[   10.677382] ACPI: PCI Interrupt Link [LNKD] (IRQs 5 *9 10 11)
[   10.719794] ACPI: Enabled 2 GPEs in block 00 to 07
[   10.777393] vgaarb: setting as boot device: PCI:0000:00:02.0
[   10.809656] vgaarb: device added: PCI:0000:00:02.0,decodes=io+mem,owns=io+mem,locks=none
[   10.824594] vgaarb: loaded
[   10.825153] vgaarb: bridge control possible 0000:00:02.0
[   10.866606] SCSI subsystem initialized
[   10.884382] ACPI: bus type USB registered
[   10.885068] usbcore: registered new interface driver usbfs
[   10.886027] usbcore: registered new interface driver hub
[   10.886898] usbcore: registered new device driver usb
[   10.895869] PCI: Using ACPI for IRQ routing
[   10.907250] NetLabel: Initializing
[   10.943943] NetLabel:  domain hash size = 128
[   10.944645] NetLabel:  protocols = UNLABELED CIPSOv4
[   10.956749] NetLabel:  unlabeled traffic allowed by default
[   10.958072] amd_nb: Cannot enumerate AMD northbridges
[   10.959020] clocksource: Switched to clocksource kvm-clock
[   11.003988] AppArmor: AppArmor Filesystem Enabled
[   11.078847] pnp: PnP ACPI init
[   11.147591] pnp: PnP ACPI: found 3 devices
[   11.241532] clocksource: acpi_pm: mask: 0xffffff max_cycles: 0xffffff, max_idle_ns: 2085701024 ns
[   11.335247] NET: Registered protocol family 2
[   11.429801] TCP established hash table entries: 8192 (order: 4, 65536 bytes)
[   11.552331] TCP bind hash table entries: 8192 (order: 5, 131072 bytes)
[   11.613518] TCP: Hash tables configured (established 8192 bind 8192)
[   11.614500] UDP hash table entries: 512 (order: 2, 16384 bytes)
[   11.615376] UDP-Lite hash table entries: 512 (order: 2, 16384 bytes)
[   11.704487] NET: Registered protocol family 1
[   11.809389] pci 0000:00:00.0: Limiting direct PCI/PCI transfers
[   11.874473] pci 0000:00:01.0: Activating ISA DMA hang workarounds
[   11.875496] Unpacking initramfs...
[   12.305475] Freeing initrd memory: 15328K
[   12.374817] platform rtc_cmos: registered platform RTC device (no PNP device found)
[   12.414743] Scanning for low memory corruption every 60 seconds
[   12.420891] audit: initializing netlink subsys (disabled)
[   12.424258] audit: type=2000 audit(1524058421.284:1): initialized
[   12.425546] Initialise system trusted keyring
[   12.426640] HugeTLB registered 2 MB page size, pre-allocated 0 pages
[   12.433261] zbud: loaded
[   12.444885] VFS: Disk quotas dquot_6.6.0
[   12.455397] VFS: Dquot-cache hash table entries: 512 (order 0, 4096 bytes)
[   12.456752] squashfs: version 4.0 (2009/01/31) Phillip Lougher
[   12.458145] fuse init (API version 7.23)
[   12.513167] Key type big_key registered
[   12.552226] Allocating IMA MOK and blacklist keyrings.
[   12.629238] Key type asymmetric registered
[   12.629927] Asymmetric key parser 'x509' registered
[   12.630745] Block layer SCSI generic (bsg) driver version 0.4 loaded (major 249)
[   12.638894] io scheduler noop registered
[   12.686231] io scheduler deadline registered (default)
[   12.748638] io scheduler cfq registered
[   12.807452] pci_hotplug: PCI Hot Plug PCI Core version: 0.5
[   12.808322] pciehp: PCI Express Hot Plug Controller Driver version: 0.4
[   12.809403] ACPI: AC Adapter [AC] (off-line)
[   12.810157] input: Power Button as /devices/LNXSYSTM:00/LNXPWRBN:00/input/input0
[   12.811356] ACPI: Power Button [PWRF]
[   12.831194] input: Sleep Button as /devices/LNXSYSTM:00/LNXSLPBN:00/input/input1
[   12.832455] ACPI: Sleep Button [SLPF]
[   12.834347] GHES: HEST is not enabled!
[   12.834860] ACPI: Battery Slot [BAT0] (battery present)
[   12.947955] Serial: 8250/16550 driver, 32 ports, IRQ sharing enabled
[   12.976853] 00:02: ttyS0 at I/O 0x3f8 (irq = 4, base_baud = 115200) is a 16550A
[   12.987235] Linux agpgart interface v0.103
[   13.104151] loop: module loaded
[   13.137710] scsi host0: ata_piix
[   13.146179] scsi host1: ata_piix
[   13.147944] ata1: PATA max UDMA/33 cmd 0x1f0 ctl 0x3f6 bmdma 0xd000 irq 14
[   13.156322] ata2: PATA max UDMA/33 cmd 0x170 ctl 0x376 bmdma 0xd008 irq 15
[   13.159811] libphy: Fixed MDIO Bus: probed
[   13.160590] tun: Universal TUN/TAP device driver, 1.6
[   13.161469] tun: (C) 1999-2004 Max Krasnyansky <maxk@qualcomm.com>
[   13.162527] PPP generic driver version 2.4.2
[   13.163348] ehci_hcd: USB 2.0 'Enhanced' Host Controller (EHCI) Driver
[   13.164527] ehci-pci: EHCI PCI platform driver
[   13.172458] ehci-platform: EHCI generic platform driver
[   13.257839] ohci_hcd: USB 1.1 'Open' Host Controller (OHCI) Driver
[   13.371258] tsc: Refined TSC clocksource calibration: 2806.920 MHz
[   13.371260] clocksource: tsc: mask: 0xffffffffffffffff max_cycles: 0x2875c99b392, max_idle_ns: 440795203619 ns
[   13.526414] ohci-pci: OHCI PCI platform driver
[   13.527147] ohci-platform: OHCI generic platform driver
[   13.527997] uhci_hcd: USB Universal Host Controller Interface driver
[   13.531256] i8042: PNP: PS/2 Controller [PNP0303:PS2K,PNP0f03:PS2M] at 0x60,0x64 irq 1,12
[   13.533017] serio: i8042 KBD port at 0x60,0x64 irq 1
[   13.533796] serio: i8042 AUX port at 0x60,0x64 irq 12
[   13.541559] mousedev: PS/2 mouse device common for all mice
[   13.542869] rtc_cmos rtc_cmos: rtc core: registered rtc_cmos as rtc0
[   13.647502] rtc_cmos rtc_cmos: alarms up to one day, 114 bytes nvram
[   13.647522] input: AT Translated Set 2 keyboard as /devices/platform/i8042/serio0/input/input2
[   13.809649] i2c /dev entries driver
[   13.817160] device-mapper: uevent: version 1.0.3
[   13.941164] device-mapper: ioctl: 4.34.0-ioctl (2015-10-28) initialised: dm-devel@redhat.com
[   14.035364] ledtrig-cpu: registered to indicate activity on CPUs
[   14.110681] NET: Registered protocol family 10
[   14.164004] NET: Registered protocol family 17
[   14.239043] Key type dns_resolver registered
[   14.307036] registered taskstats version 1
[   14.355053] Loading compiled-in X.509 certificates
[   14.460651] Loaded X.509 cert 'Build time autogenerated kernel key: f854e06633b5f496ced5b2e02c7b14f761b69302'
[   14.538693] zswap: loaded using pool lzo/zbud
[   14.579796] Key type trusted registered
[   14.590779] Key type encrypted registered
[   14.642776] AppArmor: AppArmor sha1 policy hashing enabled
[   14.728892] ima: No TPM chip found, activating TPM-bypass!
[   14.831258] evm: HMAC attrs: 0x1
[   14.852626]   Magic number: 14:746:584
[   14.941927] rtc_cmos rtc_cmos: setting system clock to 2018-04-18 13:33:49 UTC (1524058429)
[   15.068849] BIOS EDD facility v0.16 2004-Jun-25, 0 devices found
[   15.198908] EDD information not available.
[   15.230511] Freeing unused kernel memory: 1508K
[   15.232517] Write protecting the kernel read-only data: 14336k
[   15.241543] Freeing unused kernel memory: 1696K
[   15.246367] Freeing unused kernel memory: 100K
Loading, please wait...
starting version[   15.256170] random: udevadm: uninitialized urandom read (16 bytes read, 5 bits of entropy available)
 229
[   15.256420] random: systemd-udevd: uninitialized urandom read (16 bytes read, 5 bits of entropy available)
[   15.256481] random: systemd-udevd: uninitialized urandom read (16 bytes read, 5 bits of entropy available)
[   15.256490] random: systemd-udevd: uninitialized urandom read (16 bytes read, 5 bits of entropy available)
[   15.256500] random: systemd-udevd: uninitialized urandom read (16 bytes read, 5 bits of entropy available)
[   15.596860] random: udevadm: uninitialized urandom read (16 bytes read, 5 bits of entropy available)
[   15.727309] random: systemd-udevd: uninitialized urandom read (16 bytes read, 5 bits of entropy available)
[   15.778841] random: systemd-udevd: uninitialized urandom read (16 bytes read, 5 bits of entropy available)
[   15.779802] random: udevadm: uninitialized urandom read (16 bytes read, 5 bits of entropy available)
[   15.779836] random: udevadm: uninitialized urandom read (16 bytes read, 5 bits of entropy available)
[   15.812898] e1000: Intel(R) PRO/1000 Network Driver - version 7.3.21-k8-NAPI
[   15.888124] e1000: Copyright (c) 1999-2006 Intel Corporation.
[   15.898153] Fusion MPT base driver 3.04.20
[   15.899921] Copyright (c) 1999-2008 LSI Corporation
[   15.903872] Fusion MPT SPI Host driver 3.04.20
[   15.931627] AVX version of gcm_enc/dec engaged.
[   15.937790] AES CTR mode by8 optimization enabled
[   16.109511] input: ImExPS/2 Generic Explorer Mouse as /devices/platform/i8042/serio1/input/input4
[   16.252643] e1000 0000:00:03.0 eth0: (PCI:33MHz:32-bit) 02:2c:d4:57:a0:4b
[   16.260505] e1000 0000:00:03.0 eth0: Intel(R) PRO/1000 Network Connection
[   16.262361] mptbase: ioc0: Initiating bringup
[   16.268876] e1000 0000:00:03.0 enp0s3: renamed from eth0
[   16.335265] ioc0: LSI53C1030 A0: Capabilities={Initiator}
[   16.514266] scsi host2: ioc0: LSI53C1030 A0, FwRev=00000000h, Ports=1, MaxQ=256, IRQ=20
[   16.708122] scsi 2:0:0:0: Direct-Access     VBOX     HARDDISK         1.0  PQ: 0 ANSI: 5
[   16.824884] scsi target2:0:0: Beginning Domain Validation
[   16.857848] scsi target2:0:0: Domain Validation skipping write tests
[   16.872627] scsi target2:0:0: Ending Domain Validation
[   16.873601] scsi target2:0:0: asynchronous
[   16.921424] scsi 2:0:1:0: Direct-Access     VBOX     HARDDISK         1.0  PQ: 0 ANSI: 5
[   16.937475] scsi target2:0:1: Beginning Domain Validation
[   17.058216] scsi target2:0:1: Domain Validation skipping write tests
[   17.109794] scsi target2:0:1: Ending Domain Validation
[   17.110652] scsi target2:0:1: asynchronous
[   17.117186] sd 2:0:0:0: [sda] 20971520 512-byte logical blocks: (10.7 GB/10.0 GiB)
[   17.202250] sd 2:0:0:0: Attached scsi generic sg0 type 0
[   17.278769] sd 2:0:0:0: [sda] Write Protect is off
[   17.279036] sd 2:0:1:0: Attached scsi generic sg1 type 0
[   17.279185] sd 2:0:1:0: [sdb] 20480 512-byte logical blocks: (10.5 MB/10.0 MiB)
[   17.279276] sd 2:0:1:0: [sdb] Write Protect is off
[   17.279337] sd 2:0:1:0: [sdb] Incomplete mode parameter data
[   17.279338] sd 2:0:1:0: [sdb] Assuming drive cache: write through
[   17.282701] sd 2:0:1:0: [sdb] Attached SCSI disk
[   17.423243] sd 2:0:0:0: [sda] Incomplete mode parameter data
[   17.485421] sd 2:0:0:0: [sda] Assuming drive cache: write through
[   17.567062]  sda: sda1
[   17.580703] sd 2:0:0:0: [sda] Attached SCSI disk
[   18.895357] floppy0: no floppy controllers found
[   19.072336] work still pending
Begin: Loading e[   20.442038] md: linear personality registered for level -1
ssential drivers[   20.611100] md: multipath personality registered for level -4
 ... [   20.771236] md: raid0 personality registered for level 0
[   20.853834] md: raid1 personality registered for level 1
[   21.059049] raid6: sse2x1   gen()  9683 MB/s
[   21.195443] raid6: sse2x1   xor()  6010 MB/s
[   21.331436] raid6: sse2x2   gen() 11745 MB/s
[   21.491363] raid6: sse2x2   xor()  7712 MB/s
[   21.671428] raid6: sse2x4   gen() 13409 MB/s
[   21.831117] raid6: sse2x4   xor()  9128 MB/s
[   21.922352] raid6: using algorithm sse2x4 gen() 13409 MB/s
[   22.005538] raid6: .... xor() 9128 MB/s, rmw enabled
[   22.018628] raid6: using ssse3x2 recovery algorithm
[   22.081159] xor: automatically using best checksumming function:
[   22.267149]    avx       : 18393.000 MB/sec
[   22.360038] async_tx: api initialized (async)
[   22.466451] md: raid6 personality registered for level 6
[   22.574862] md: raid5 personality registered for level 5
[   22.603081] md: raid4 personality registered for level 4
[   22.610320] md: raid10 personality registered for level 10
done.
Begin: Running /scripts/init-p[   22.770709] Btrfs loaded
remount ... done.
Begin: Mounting root file system ... Begin: Running /scripts/[   23.186760] EXT4-fs (sda1): INFO: recovery required on readonly filesystem
local-top ... do[   23.381505] EXT4-fs (sda1): write access will be enabled during recovery
ne.
Begin: Running /scripts/local-premount ... Scanning for Btrfs filesystems
done.
Warning: fsck not present, so skipping root file system
[   24.030820] random: nonblocking pool is initialized
[   25.052694] EXT4-fs (sda1): orphan cleanup on readonly fs
[   25.086695] EXT4-fs (sda1): 3 orphan inodes deleted
[   25.119551] EXT4-fs (sda1): recovery complete
[   25.166549] EXT4-fs (sda1): mounted filesystem with ordered data mode. Opts: (null)
done.
Begin: Running /scripts/local-bottom ... done.
Begin: Running /scripts/init-bottom ... done.
[   26.559116] systemd[1]: systemd 229 running in system mode. (+PAM +AUDIT +SELINUX +IMA +APPARMOR +SMACK +SYSVINIT +UTMP +LIBCRYPTSETUP +GCRYPT +GNUTLS +ACL +XZ -LZ4 +SECCOMP +BLKID +ELFUTILS +KMOD -IDN)
[   26.586100] systemd[1]: Detected virtualization oracle.
[   26.619065] systemd[1]: Detected architecture x86-64.

Welcome to [1mUbuntu 16.04.4 LTS[0m!

[   26.636064] systemd[1]: Set hostname to <polimi-sdn>.
[   27.843070] systemd[1]: Created slice System Slice.
[[0;32m  OK  [0m] Created slice System Slice.
[   27.926800] systemd[1]: Listening on udev Kernel Socket.
[[0;32m  OK  [0m] Listening on udev Kernel Socket.
[   28.015959] systemd[1]: Listening on Device-mapper event daemon FIFOs.
[[0;32m  OK  [0m] Listening on Device-mapper event daemon FIFOs.
[   28.171955] systemd[1]: Reached target Encrypted Volumes.
[[0;32m  OK  [0m] Reached target Encrypted Volumes.
[   28.355523] systemd[1]: Listening on LVM2 metadata daemon socket.
[[0;32m  OK  [0m] Listening on LVM2 metadata daemon socket.
[   28.472581] systemd[1]: Reached target Swap.
[[0;32m  OK  [0m] Reached target Swap.
[   28.519411] systemd[1]: Reached target User and Group Name Lookups.
[[0;32m  OK  [0m] Reached target User and Group Name Lookups.
[   28.560136] systemd[1]: Listening on LVM2 poll daemon socket.
[[0;32m  OK  [0m] Listening on LVM2 poll daemon socket.
[   28.600094] systemd[1]: Set up automount Arbitrary Executable File Formats File System Automount Point.
[[0;32m  OK  [0m] Set up automount Arbitrary Executab...ats File System Automount Point.
[   28.631532] systemd[1]: Listening on Journal Socket.
[[0;32m  OK  [0m] Listening on Journal Socket.
[   28.667561] systemd[1]: Starting Nameserver information manager...
         Starting Nameserver information manager...
[   28.719581] systemd[1]: Starting Remount Root and Kernel File Systems...
[   28.768884] EXT4-fs (sda1): re-mounted. Opts: (null)
         Starting Remount Root and Kernel File Systems...
[   28.891296] systemd[1]: Starting Monitoring of LVM2 mirrors, snapshots etc. using dmeventd or progress polling...
         Starting Monitoring of LVM2 mirrors... dmeventd or progress polling...
[   29.107195] systemd[1]: Starting Load Kernel Modules...
[   29.115842] Loading iSCSI transport class v2.0-870.
         Startin[   29.123167] iscsi: registered transport (tcp)
g Load Kernel Modules...
[   29.221488] iscsi: registered transport (iser)
[   29.363522] systemd[1]: Starting Uncomplicated firewall...
         Starting Uncomplicated firewall...
[   29.527195] systemd[1]: Mounting Debug File System...
         Mounting Debug File System...
[   29.603347] systemd[1]: Mounting POSIX Message Queue File System...
         Mounting POSIX Message Queue File System...
[   29.651944] systemd[1]: Listening on udev Control Socket.
[[0;32m  OK  [0m] Listening on udev Control Socket.
[   29.783399] systemd[1]: Listening on Journal Socket (/dev/log).
[[0;32m  OK  [0m] Listening on Journal Socket (/dev/log).
[   29.907983] systemd[1]: Started Trigger resolvconf update for networkd DNS.
[[0;32m  OK  [0m] Started Trigger resolvconf update for networkd DNS.
[   30.107331] systemd[1]: Listening on Journal Audit Socket.
[[0;32m  OK  [0m] Listening on Journal Audit Socket.
[   30.228173] systemd[1]: Created slice User and Session Slice.
[[0;32m  OK  [0m] Created slice User and Session Slice.
[   30.335831] systemd[1]: Reached target Slices.
[[0;32m  OK  [0m] Reached target Slices.
[   30.415262] systemd[1]: Mounting Huge Pages File System...
         Mounting Huge Pages File System...
[   30.515485] systemd[1]: Listening on Syslog Socket.
[[0;32m  OK  [0m] Listening on Syslog Socket.
[   30.599891] systemd[1]: Starting Journal Service...
         Starting Journal Service...
[   30.641658] systemd[1]: Starting Set console keymap...
         Starting Set console keymap...
[   30.675322] systemd[1]: Starting Create list of required static device nodes for the current kernel...
         Starting Create list of required st... nodes for the current kernel...
[   30.706455] systemd[1]: Listening on /dev/initctl Compatibility Named Pipe.
[[0;32m  OK  [0m] Listening on /dev/initctl Compatibility Named Pipe.
[   30.726607] systemd[1]: Started Forward Password Requests to Wall Directory Watch.
[[0;32m  OK  [0m] Started Forward Password Requests to Wall Directory Watch.
[   30.752309] systemd[1]: Created slice system-serial\x2dgetty.slice.
[[0;32m  OK  [0m] Created slice system-serial\x2dgetty.slice.
[   30.788084] systemd[1]: Mounted Debug File System.
[[0;32m  OK  [0m] Mounted Debug File System.
[   30.823633] systemd[1]: Mounted Huge Pages File System.
[[0;32m  OK  [0m] Mounted Huge Pages File System.
[   30.839245] systemd[1]: Mounted POSIX Message Queue File System.
[[0;32m  OK  [0m] Mounted POSIX Message Queue File System.
[   30.925841] systemd[1]: Started Journal Service.
[[0;32m  OK  [0m] Started Journal Service.
[[0;32m  OK  [0m] Started Remount Root and Kernel File Systems.
[[0;32m  OK  [0m] Started Load Kernel Modules.
[[0;32m  OK  [0m] Started Uncomplicated firewall.
[[0;32m  OK  [0m] Started Set console keymap.
[[0;32m  OK  [0m] Started Create list of required sta...ce nodes for the current kernel.
[[0;32m  OK  [0m] Started Nameserver information manager.
[[0;32m  OK  [0m] Started LVM2 metadata daemon.
         Starting Create Static Device Nodes in /dev...
         Mounting FUSE Control File System...
         Starting Apply Kernel Variables...
         Starting Load/Save Random Seed...
         Starting Initial cloud-init job (pre-networking)...
         Starting udev Coldplug all Devices...
         Starting Flush Journal to Persistent Storage...
[[0;32m  OK  [0m] Mounted FUSE Control File System.
[[0;32m  OK  [0m] Started Monitoring of LVM2 mirrors,...ng dmeventd or progress polling.
[[0;32m  OK  [0m] Started Create Static Device Nodes in /dev.
[[0;32m  OK  [0m] Started Apply Kernel Variables.
[[0;32m  OK  [0m] Started Load/Save Random Seed.
         Starting udev Kernel Device Manager...
[[0;32m  OK  [0m] Started Flush Journal to Persistent Storage.
[[0;32m  OK  [0m] Started udev Coldplug all Devices.
[[0;32m  OK  [0m] Started udev Kernel Device Manager.
[[0;32m  OK  [0m] Reached target Local File Systems (Pre).
[[0;32m  OK  [0m] Reached target Local File Systems.
         Starting LSB: AppArmor initialization...
         Starting Create Volatile Files and Directories...
         Starting Tell Plymouth To Write Out Runtime Data...
         Starting Set console font and keymap...
[[0;32m  OK  [0m] Started Dispatch Password Requests to Console Directory Watch.
[[0;32m  OK  [0m] Started Create Volatile Files and Directories.
[[0;32m  OK  [0m] Started Tell Plymouth To Write Out Runtime Data.
[[0;32m  OK  [0m] Found device /dev/ttyS0.
[[0;32m  OK  [0m] Reached target System Time Synchronized.
         Starting Update UTMP about System Boot/Shutdown...
[[0;32m  OK  [0m] Started Update UTMP about System Boot/Shutdown.
[[0;32m  OK  [0m] Started LSB: AppArmor initialization.
[[0;32m  OK  [0m] Found device 82540EM Gigabit Ethern...r (PRO/1000 MT Desktop Adapter).
[[0;32m  OK  [0m] Listening on Load/Save RF Kill Switch Status /dev/rfkill Watch.
[[0;32m  OK  [0m] Started Set console font and keymap.
[[0;32m  OK  [0m] Created slice system-getty.slice.
[   23.462006] cloud-init[457]: Cloud-init v. 17.2 running 'init-local' at Wed, 18 Apr 2018 13:34:08 +0000. Up 23.14 seconds.
[[0;32m  OK  [0m] Started Initial cloud-init job (pre-networking).
[[0;32m  OK  [0m] Reached target Network (Pre).
         Starting Raise network interfaces...
[[0;32m  OK  [0m] Started ifup for enp0s3.
[[0;32m  OK  [0m] Started Raise network interfaces.
         Starting Initial cloud-init job (metadata service crawler)...
[[0;32m  OK  [0m] Reached target Network.
[   24.985303] cloud-init[968]: Cloud-init v. 17.2 running 'init' at Wed, 18 Apr 2018 13:34:09 +0000. Up 24.74 seconds.
[   25.076432] cloud-init[968]: ci-info: +++++++++++++++++++++++++++++++++++++Net device info++++++++++++++++++++++++++++++++++++++
[   25.076646] cloud-init[968]: ci-info: +--------+------+----------------------------+---------------+-------+-------------------+
[[0;32m  OK  [0m] Started Initial cloud-init job (metadata service crawler).
[   25.076791] cloud-init[968]: ci-info: | Device |  Up  |          Address           |      Mask     | Scope |     Hw-Address    |
[   25.245269] cloud-init[968]: ci-info: +--------+------+----------------------------+---------------+-------+-------------------+
[   25.245710] cloud-init[968]: ci-info: | enp0s3 | True |         10.0.2.15          | 255.255.255.0 |   .   | 02:2c:d4:57:a0:4b |
[[0;32m  OK  [0m] Reached target Network is Online.
[   25.245955] cloud-init[968]: ci-info: | enp0s3 | True | fe80::2c:d4ff:fe57:a04b/64 |       .       |  link | 02:2c:d4:57:a0:4b |
[   25.612371] cloud-init[968]: ci-info: |   lo   | True |         127.0.0.1          |   255.0.0.0   |   .   |         .         |
[   25.612757] cloud-init[968]: ci-info: |   lo   | True |          ::1/128           |       .       |  host |         .         |
         Starting iSCSI initiator daemon (iscsid)...
[[   25.612928] cloud-init[968]: ci-info: +--------+------+----------------------------+---------------+-------+-------------------+
[   25.743252] cloud-init[968]: ci-info: +++++++++++++++++++++++++++Route IPv4 info++++++++++++++++++++++++++++
[   25.743369] cloud-init[968]: ci-info: +-------+-------------+----------+---------------+-----------+-------+
[0;32m  OK  [0m] Reached target Cloud-config availability.
[[   25.743512] cloud-init[968]: ci-info: | Route | Destination | Gateway  |    Genmask    | Interface | Flags |
[   25.808831] cloud-init[968]: ci-info: +-------+-------------+----------+---------------+-----------+-------+
[   25.808943] cloud-init[968]: ci-info: |   0   |   0.0.0.0   | 10.0.2.2 |    0.0.0.0    |   enp0s3  |   UG  |
[   25.809084] cloud-init[968]: ci-info: |   1   |   10.0.2.0  | 0.0.0.0  | 255.255.255.0 |   enp0s3  |   U   |
[0;32m  OK  [0m] Reached target System Initialization.
[[   25.809236] cloud-init[968]: ci-info: +-------+-------------+----------+---------------+-----------+-------+
[0;32m  OK  [0m] Started Daily Cleanup of Temporary Directories.
[[0;32m  OK  [0m] Started ACPI Events Check.
[[0;32m  OK  [0m] Reached target Paths.
         Starting LXD - unix socket.
[[0;32m  OK  [0m] Started Timer to automatically refresh installed snaps.
         Starting Socket activation for snappy daemon.
[[0;32m  OK  [0m] Listening on ACPID Listen Socket.
[[0;32m  OK  [0m] Listening on UUID daemon activation socket.
[[0;32m  OK  [0m] Listening on D-Bus System Message Bus Socket.
[[0;32m  OK  [0m] Started Daily apt download activities.
[[0;32m  OK  [0m] Started Daily apt upgrade and clean activities.
[[0;32m  OK  [0m] Reached target Timers.
[[0;32m  OK  [0m] Listening on LXD - unix socket.
[[0;32m  OK  [0m] Listening on Socket activation for snappy daemon.
[[0;32m  OK  [0m] Started iSCSI initiator daemon (iscsid).
         Starting Login to default iSCSI targets...
[[0;32m  OK  [0m] Reached target Sockets.
[[0;32m  OK  [0m] Reached target Basic System.
         Starting Accounts Service...
[[0;32m  OK  [0m] Started Unattended Upgrades Shutdown.
[[0;32m  OK  [0m] Started Deferred execution scheduler.
         Starting LSB: MD monitoring daemon...
         Starting System Logging Service...
[[0;32m  OK  [0m] Started FUSE filesystem for LXC.
         Starting LSB: Record successful boot for GRUB...
         Starting Apply the settings specified in cloud-config...
         Starting Login Service...
         Starting /etc/rc.local Compatibility...
         Starting Snappy daemon...
[[0;32m  OK  [0m] Started Regular background program processing daemon.
         Starting Open vSwitch Internal Unit...
[[0;32m  OK  [0m] Started ACPI event daemon.
[[0;32m  OK  [0m] Started D-Bus System Message Bus.
         Starting OpenBSD Secure Shell server...
         Starting LXD - container startup/shutdown...
[[0;32m  OK  [0m] Started System Logging Service.
[[0;32m  OK  [0m] Started Snappy daemon.
[[0;32m  OK  [0m] Started OpenBSD Secure Shell server.
[[0;32m  OK  [0m] Started /etc/rc.local Compatibility.
[[0;32m  OK  [0m] Started Apply the settings specified in cloud-config.
[   27.668468] cloud-init[1050]: Cloud-init v. 17.2 running 'modules:config' at Wed, 18 Apr 2018 13:34:12 +0000. Up 27.56 seconds.
[[0;32m  OK  [0m] Started Login to default iSCSI targets.
[[0;32m  OK  [0m] Started LSB: MD monitoring daemon.
[[0;32m  OK  [0m] Started LSB: Record successful boot for GRUB.
[[0;32m  OK  [0m] Started Login Service.
[[0;32m  OK  [0m] Started LXD - container startup/shutdown.
         Starting Authenticate and Authorize Users to Run Privileged Tasks...
[[0;32m  OK  [0m] Reached target Remote File Systems (Pre).
[[0;32m  OK  [0m] Reached target Remote File Systems.
         Starting LSB: daemon to balance interrupts for SMP systems...
         Starting Permit User Sessions...
         Starting LSB: Set the CPU Frequency Scaling governor to "ondemand"...
         Starting LSB: VirtualBox Linux Additions...
         Starting LSB: automatic crash report generation...
[[0;32m  OK  [0m] Started Permit User Sessions.
[[0;32m  OK  [0m] Started Open vSwitch Internal Unit.
[[0;32m  OK  [0m] Started Authenticate and Authorize Users to Run Privileged Tasks.
[[0;32m  OK  [0m] Started Accounts Service.
[[0;32m  OK  [0m] Started LSB: Set the CPU Frequency Scaling governor to "ondemand".
[[0;32m  OK  [0m] Started LSB: daemon to balance interrupts for SMP systems.
[[0;32m  OK  [0m] Started LSB: VirtualBox Linux Additions.
         Starting Open vSwitch...
         Starting Hold until boot process finishes up...
         Starting Terminate Plymouth Boot Screen...
[[0;32m  OK  [0m] Started LSB: automatic crash report generation.
[[0;32m  OK  [0m] Started Open vSwitch.
[[0;32m  OK  [0m] Started Hold until boot process finishes up.
[[0;32m  OK  [0m] Started Terminate Plymouth Boot Screen.
[[0;32m  OK  [0m] Started Getty on tty1.
[[0;32m  OK  [0m] Started Serial Getty on ttyS0.
[[0;32m  OK  [0m] Reached target Login Prompts.
         Starting Set console scheme...
[[0;32m  OK  [0m] Reached target Multi-User System.
         Starting Execute cloud user/final scripts...
[[0;32m  OK  [0m] Reached target Graphical Interface.
         Starting Update UTMP about System Runlevel Changes...
[[0;32m  OK  [0m] Started Set console scheme.
[[0;32m  OK  [0m] Started Update UTMP about System Runlevel Changes.
[   29.721503] cloud-init[1240]: Cloud-init v. 17.2 running 'modules:final' at Wed, 18 Apr 2018 13:34:14 +0000. Up 29.57 seconds.
[   29.752872] [[0;32m  OK  [0m] Started Execute cloud user/final scripts.
[[0;32m  OK  [0m] Reached target Cloud-init target.
cloud-init[1240]: Cloud-init v. 17.2 finished at Wed, 18 Apr 2018 13:34:14 +0000. Datasource DataSourceNoCloud [seed=/dev/sdb][dsmode=net].  Up 29.71 seconds

Ubuntu 16.04.4 LTS polimi-sdn ttyS0

polimi-sdn login: 